Arguments: 
  /Users/y.kosugi/.anyenv/envs/nodenv/versions/14.17.0/bin/node /opt/homebrew/Cellar/yarn/1.22.10/libexec/bin/yarn.js init

PATH: 
  /Users/y.kosugi/.anyenv/envs/nodenv/versions/14.17.0/bin:/Users/y.kosugi/.anyenv/envs/nodenv/libexec:/Users/y.kosugi/.anyenv/envs/nodenv/plugins/nodenv-vars/bin:/Users/y.kosugi/.anyenv/envs/nodenv/plugins/nodenv-default-packages/bin:/Users/y.kosugi/.anyenv/envs/nodenv/plugins/node-build/bin:/Users/y.kosugi/miniforge3/bin:/Users/y.kosugi/miniforge3/condabin:/Users/y.kosugi/.anyenv/envs/nodenv/shims:/Users/y.kosugi/.anyenv/envs/nodenv/shims:/Users/y.kosugi/.anyenv/envs/nodenv/bin:/Library/Frameworks/Python.framework/Versions/3.10/bin:/usr/local/bin:/usr/bin:/bin:/usr/sbin:/sbin:/Users/y.kosugi/.anyenv/envs/nodenv/shims:/Users/y.kosugi/.anyenv/envs/nodenv/bin:/opt/homebrew/bin:/opt/homebrew/bin

Yarn version: 
  1.22.10

Node version: 
  14.17.0

Platform: 
  darwin arm64

Trace: 
  Error: canceled
      at Interface.<anonymous> (/opt/homebrew/Cellar/yarn/1.22.10/libexec/lib/cli.js:137009:13)
      at Interface.emit (events.js:376:20)
      at Interface._ttyWrite (readline.js:880:16)
      at ReadStream.onkeypress (readline.js:213:10)
      at ReadStream.emit (events.js:376:20)
      at emitKeys (internal/readline/utils.js:345:14)
      at emitKeys.next (<anonymous>)
      at ReadStream.onData (readline.js:1149:36)
      at ReadStream.emit (events.js:376:20)
      at addChunk (internal/streams/readable.js:309:12)

npm manifest: 
  No manifest

yarn manifest: 
  No manifest

Lockfile: 
  # THIS IS AN AUTOGENERATED FILE. DO NOT EDIT THIS FILE DIRECTLY.
  # yarn lockfile v1
